Solid Edge Translation to STL
Date: Thursday,June 15,2023 03:37PM
Source File:C:\Users\pooja\Documents\MY SOLID EDGE\ASSIGNMENT3\ASSIGNMENT4\A bonus\taj mahal2.par
Source System: SOLID EDGE

Hardware:
Processor: 12th Gen Intel(R) Core(TM) i5-12500H
Operating System: Windows 10
Installed Memory: 15.71 GB

Software Information:
Parasolid Version: 34.0.153
PSBodyshop Version: 34.0.110
Solid Edge Version: 222.00.00.132 x64

STL Export Options:
Output File Format:BINARY
Export Displayed Parts:Off
structureOption: Monolithic
Export Units:Inch
Export Tolerance Value:0.050000
Export Tolerance Type:Custom
Export Surface Plane Angle Value:0.523599

Translation progress:
Phase 1 of 2 Fetching Parasolid information...
Number of STL file Created : 1
Translation process completed
Time required to translate:00 : 00 : 00
